<?xml version="1.0" encoding="UTF-8"?>
<testsuite xmlns:xsi="http://www.w3.org/2001/XMLSchema-instance" xsi:noNamespaceSchemaLocation="https://maven.apache.org/surefire/maven-surefire-plugin/xsd/surefire-test-report.xsd" name="ch.fhnw.restservice.SDCControllerTests" time="3.044" tests="2" errors="0" skipped="0" failures="0">
  <properties>
    <property name="java.specification.version" value="20"/>
    <property name="sun.cpu.isalist" value="amd64"/>
    <property name="sun.jnu.encoding" value="Cp1252"/>
    <property name="java.class.path" value="E:\26592787A\Desktop\Master\Medical Software development\sdcservice\target\test-classes;E:\26592787A\Desktop\Master\Medical Software development\sdcservice\target\classes;e:\26592787A\.m2\repository\org\springframework\boot\spring-boot-starter-web\3.0.0\spring-boot-starter-web-3.0.0.jar;e:\26592787A\.m2\repository\org\springframework\boot\spring-boot-starter\3.0.0\spring-boot-starter-3.0.0.jar;e:\26592787A\.m2\repository\org\springframework\boot\spring-boot\3.0.0\spring-boot-3.0.0.jar;e:\26592787A\.m2\repository\org\springframework\boot\spring-boot-autoconfigure\3.0.0\spring-boot-autoconfigure-3.0.0.jar;e:\26592787A\.m2\repository\org\springframework\boot\spring-boot-starter-logging\3.0.0\spring-boot-starter-logging-3.0.0.jar;e:\26592787A\.m2\repository\ch\qos\logback\logback-classic\1.4.5\logback-classic-1.4.5.jar;e:\26592787A\.m2\repository\ch\qos\logback\logback-core\1.4.5\logback-core-1.4.5.jar;e:\26592787A\.m2\repository\org\apache\logging\log4j\log4j-to-slf4j\2.19.0\log4j-to-slf4j-2.19.0.jar;e:\26592787A\.m2\repository\org\apache\logging\log4j\log4j-api\2.19.0\log4j-api-2.19.0.jar;e:\26592787A\.m2\repository\org\slf4j\jul-to-slf4j\2.0.4\jul-to-slf4j-2.0.4.jar;e:\26592787A\.m2\repository\jakarta\annotation\jakarta.annotation-api\2.1.1\jakarta.annotation-api-2.1.1.jar;e:\26592787A\.m2\repository\org\yaml\snakeyaml\1.33\snakeyaml-1.33.jar;e:\26592787A\.m2\repository\org\springframework\boot\spring-boot-starter-json\3.0.0\spring-boot-starter-json-3.0.0.jar;e:\26592787A\.m2\repository\com\fasterxml\jackson\core\jackson-databind\2.14.1\jackson-databind-2.14.1.jar;e:\26592787A\.m2\repository\com\fasterxml\jackson\core\jackson-annotations\2.14.1\jackson-annotations-2.14.1.jar;e:\26592787A\.m2\repository\com\fasterxml\jackson\core\jackson-core\2.14.1\jackson-core-2.14.1.jar;e:\26592787A\.m2\repository\com\fasterxml\jackson\datatype\jackson-datatype-jdk8\2.14.1\jackson-datatype-jdk8-2.14.1.jar;e:\26592787A\.m2\repository\com\fasterxml\jackson\datatype\jackson-datatype-jsr310\2.14.1\jackson-datatype-jsr310-2.14.1.jar;e:\26592787A\.m2\repository\com\fasterxml\jackson\module\jackson-module-parameter-names\2.14.1\jackson-module-parameter-names-2.14.1.jar;e:\26592787A\.m2\repository\org\springframework\boot\spring-boot-starter-tomcat\3.0.0\spring-boot-starter-tomcat-3.0.0.jar;e:\26592787A\.m2\repository\org\apache\tomcat\embed\tomcat-embed-core\10.1.1\tomcat-embed-core-10.1.1.jar;e:\26592787A\.m2\repository\org\apache\tomcat\embed\tomcat-embed-el\10.1.1\tomcat-embed-el-10.1.1.jar;e:\26592787A\.m2\repository\org\apache\tomcat\embed\tomcat-embed-websocket\10.1.1\tomcat-embed-websocket-10.1.1.jar;e:\26592787A\.m2\repository\org\springframework\spring-web\6.0.2\spring-web-6.0.2.jar;e:\26592787A\.m2\repository\org\springframework\spring-beans\6.0.2\spring-beans-6.0.2.jar;e:\26592787A\.m2\repository\io\micrometer\micrometer-observation\1.10.2\micrometer-observation-1.10.2.jar;e:\26592787A\.m2\repository\io\micrometer\micrometer-commons\1.10.2\micrometer-commons-1.10.2.jar;e:\26592787A\.m2\repository\org\springframework\spring-webmvc\6.0.2\spring-webmvc-6.0.2.jar;e:\26592787A\.m2\repository\org\springframework\spring-aop\6.0.2\spring-aop-6.0.2.jar;e:\26592787A\.m2\repository\org\springframework\spring-context\6.0.2\spring-context-6.0.2.jar;e:\26592787A\.m2\repository\org\springframework\spring-expression\6.0.2\spring-expression-6.0.2.jar;e:\26592787A\.m2\repository\org\springframework\boot\spring-boot-starter-test\3.0.0\spring-boot-starter-test-3.0.0.jar;e:\26592787A\.m2\repository\org\springframework\boot\spring-boot-test\3.0.0\spring-boot-test-3.0.0.jar;e:\26592787A\.m2\repository\org\springframework\boot\spring-boot-test-autoconfigure\3.0.0\spring-boot-test-autoconfigure-3.0.0.jar;e:\26592787A\.m2\repository\com\jayway\jsonpath\json-path\2.7.0\json-path-2.7.0.jar;e:\26592787A\.m2\repository\net\minidev\json-smart\2.4.8\json-smart-2.4.8.jar;e:\26592787A\.m2\repository\net\minidev\accessors-smart\2.4.8\accessors-smart-2.4.8.jar;e:\26592787A\.m2\repository\org\ow2\asm\asm\9.1\asm-9.1.jar;e:\26592787A\.m2\repository\jakarta\xml\bind\jakarta.xml.bind-api\4.0.0\jakarta.xml.bind-api-4.0.0.jar;e:\26592787A\.m2\repository\jakarta\activation\jakarta.activation-api\2.1.0\jakarta.activation-api-2.1.0.jar;e:\26592787A\.m2\repository\org\assertj\assertj-core\3.23.1\assertj-core-3.23.1.jar;e:\26592787A\.m2\repository\net\bytebuddy\byte-buddy\1.12.19\byte-buddy-1.12.19.jar;e:\26592787A\.m2\repository\org\hamcrest\hamcrest\2.2\hamcrest-2.2.jar;e:\26592787A\.m2\repository\org\junit\jupiter\junit-jupiter\5.9.1\junit-jupiter-5.9.1.jar;e:\26592787A\.m2\repository\org\junit\jupiter\junit-jupiter-api\5.9.1\junit-jupiter-api-5.9.1.jar;e:\26592787A\.m2\repository\org\opentest4j\opentest4j\1.2.0\opentest4j-1.2.0.jar;e:\26592787A\.m2\repository\org\junit\platform\junit-platform-commons\1.9.1\junit-platform-commons-1.9.1.jar;e:\26592787A\.m2\repository\org\apiguardian\apiguardian-api\1.1.2\apiguardian-api-1.1.2.jar;e:\26592787A\.m2\repository\org\junit\jupiter\junit-jupiter-params\5.9.1\junit-jupiter-params-5.9.1.jar;e:\26592787A\.m2\repository\org\junit\jupiter\junit-jupiter-engine\5.9.1\junit-jupiter-engine-5.9.1.jar;e:\26592787A\.m2\repository\org\junit\platform\junit-platform-engine\1.9.1\junit-platform-engine-1.9.1.jar;e:\26592787A\.m2\repository\org\mockito\mockito-core\4.8.1\mockito-core-4.8.1.jar;e:\26592787A\.m2\repository\net\bytebuddy\byte-buddy-agent\1.12.19\byte-buddy-agent-1.12.19.jar;e:\26592787A\.m2\repository\org\objenesis\objenesis\3.2\objenesis-3.2.jar;e:\26592787A\.m2\repository\org\mockito\mockito-junit-jupiter\4.8.1\mockito-junit-jupiter-4.8.1.jar;e:\26592787A\.m2\repository\org\skyscreamer\jsonassert\1.5.1\jsonassert-1.5.1.jar;e:\26592787A\.m2\repository\com\vaadin\external\google\android-json\0.0.20131108.vaadin1\android-json-0.0.20131108.vaadin1.jar;e:\26592787A\.m2\repository\org\springframework\spring-core\6.0.2\spring-core-6.0.2.jar;e:\26592787A\.m2\repository\org\springframework\spring-jcl\6.0.2\spring-jcl-6.0.2.jar;e:\26592787A\.m2\repository\org\springframework\spring-test\6.0.2\spring-test-6.0.2.jar;e:\26592787A\.m2\repository\org\xmlunit\xmlunit-core\2.9.0\xmlunit-core-2.9.0.jar;e:\26592787A\.m2\repository\io\springfox\springfox-boot-starter\3.0.0\springfox-boot-starter-3.0.0.jar;e:\26592787A\.m2\repository\io\springfox\springfox-oas\3.0.0\springfox-oas-3.0.0.jar;e:\26592787A\.m2\repository\io\swagger\core\v3\swagger-annotations\2.1.2\swagger-annotations-2.1.2.jar;e:\26592787A\.m2\repository\io\swagger\core\v3\swagger-models\2.1.2\swagger-models-2.1.2.jar;e:\26592787A\.m2\repository\io\springfox\springfox-spi\3.0.0\springfox-spi-3.0.0.jar;e:\26592787A\.m2\repository\io\springfox\springfox-schema\3.0.0\springfox-schema-3.0.0.jar;e:\26592787A\.m2\repository\io\springfox\springfox-core\3.0.0\springfox-core-3.0.0.jar;e:\26592787A\.m2\repository\io\springfox\springfox-spring-web\3.0.0\springfox-spring-web-3.0.0.jar;e:\26592787A\.m2\repository\io\springfox\springfox-spring-webmvc\3.0.0\springfox-spring-webmvc-3.0.0.jar;e:\26592787A\.m2\repository\io\springfox\springfox-spring-webflux\3.0.0\springfox-spring-webflux-3.0.0.jar;e:\26592787A\.m2\repository\io\springfox\springfox-swagger-common\3.0.0\springfox-swagger-common-3.0.0.jar;e:\26592787A\.m2\repository\org\mapstruct\mapstruct\1.3.1.Final\mapstruct-1.3.1.Final.jar;e:\26592787A\.m2\repository\io\springfox\springfox-data-rest\3.0.0\springfox-data-rest-3.0.0.jar;e:\26592787A\.m2\repository\io\springfox\springfox-bean-validators\3.0.0\springfox-bean-validators-3.0.0.jar;e:\26592787A\.m2\repository\io\springfox\springfox-swagger2\3.0.0\springfox-swagger2-3.0.0.jar;e:\26592787A\.m2\repository\io\swagger\swagger-annotations\1.5.20\swagger-annotations-1.5.20.jar;e:\26592787A\.m2\repository\io\swagger\swagger-models\1.5.20\swagger-models-1.5.20.jar;e:\26592787A\.m2\repository\io\springfox\springfox-swagger-ui\3.0.0\springfox-swagger-ui-3.0.0.jar;e:\26592787A\.m2\repository\com\fasterxml\classmate\1.5.1\classmate-1.5.1.jar;e:\26592787A\.m2\repository\org\slf4j\slf4j-api\2.0.4\slf4j-api-2.0.4.jar;e:\26592787A\.m2\repository\org\springframework\plugin\spring-plugin-core\2.0.0.RELEASE\spring-plugin-core-2.0.0.RELEASE.jar;e:\26592787A\.m2\repository\org\springframework\plugin\spring-plugin-metadata\2.0.0.RELEASE\spring-plugin-metadata-2.0.0.RELEASE.jar;e:\26592787A\.m2\repository\org\springdoc\springdoc-openapi-starter-webmvc-ui\2.0.0\springdoc-openapi-starter-webmvc-ui-2.0.0.jar;e:\26592787A\.m2\repository\org\springdoc\springdoc-openapi-starter-webmvc-api\2.0.0\springdoc-openapi-starter-webmvc-api-2.0.0.jar;e:\26592787A\.m2\repository\org\springdoc\springdoc-openapi-starter-common\2.0.0\springdoc-openapi-starter-common-2.0.0.jar;e:\26592787A\.m2\repository\io\swagger\core\v3\swagger-core-jakarta\2.2.7\swagger-core-jakarta-2.2.7.jar;e:\26592787A\.m2\repository\org\apache\commons\commons-lang3\3.12.0\commons-lang3-3.12.0.jar;e:\26592787A\.m2\repository\io\swagger\core\v3\swagger-annotations-jakarta\2.2.7\swagger-annotations-jakarta-2.2.7.jar;e:\26592787A\.m2\repository\io\swagger\core\v3\swagger-models-jakarta\2.2.7\swagger-models-jakarta-2.2.7.jar;e:\26592787A\.m2\repository\jakarta\validation\jakarta.validation-api\3.0.2\jakarta.validation-api-3.0.2.jar;e:\26592787A\.m2\repository\com\fasterxml\jackson\dataformat\jackson-dataformat-yaml\2.14.1\jackson-dataformat-yaml-2.14.1.jar;e:\26592787A\.m2\repository\org\webjars\swagger-ui\4.15.5\swagger-ui-4.15.5.jar;e:\26592787A\.m2\repository\org\webjars\webjars-locator-core\0.52\webjars-locator-core-0.52.jar;e:\26592787A\.m2\repository\io\github\classgraph\classgraph\4.8.149\classgraph-4.8.149.jar;e:\26592787A\.m2\repository\com\google\code\gson\gson\2.8.9\gson-2.8.9.jar;"/>
    <property name="java.vm.vendor" value="Oracle Corporation"/>
    <property name="sun.arch.data.model" value="64"/>
    <property name="user.variant" value=""/>
    <property name="java.vendor.url" value="https://java.oracle.com/"/>
    <property name="user.timezone" value="Europe/Madrid"/>
    <property name="os.name" value="Windows 10"/>
    <property name="java.vm.specification.version" value="20"/>
    <property name="sun.java.launcher" value="SUN_STANDARD"/>
    <property name="user.country" value="ES"/>
    <property name="sun.boot.library.path" value="e:\26592787A\.jdks\openjdk-20\bin"/>
    <property name="sun.java.command" value="e:\26592787A\AppData\Local\Temp\surefire11734720095486583491\surefirebooter14674117535113697284.jar E:\26592787A\AppData\Local\Temp\surefire11734720095486583491 2023-06-10T10-25-36_493-jvmRun1 surefire14006737691184842455tmp surefire_0798393143566289105tmp"/>
    <property name="jdk.debug" value="release"/>
    <property name="surefire.test.class.path" value="E:\26592787A\Desktop\Master\Medical Software development\sdcservice\target\test-classes;E:\26592787A\Desktop\Master\Medical Software development\sdcservice\target\classes;e:\26592787A\.m2\repository\org\springframework\boot\spring-boot-starter-web\3.0.0\spring-boot-starter-web-3.0.0.jar;e:\26592787A\.m2\repository\org\springframework\boot\spring-boot-starter\3.0.0\spring-boot-starter-3.0.0.jar;e:\26592787A\.m2\repository\org\springframework\boot\spring-boot\3.0.0\spring-boot-3.0.0.jar;e:\26592787A\.m2\repository\org\springframework\boot\spring-boot-autoconfigure\3.0.0\spring-boot-autoconfigure-3.0.0.jar;e:\26592787A\.m2\repository\org\springframework\boot\spring-boot-starter-logging\3.0.0\spring-boot-starter-logging-3.0.0.jar;e:\26592787A\.m2\repository\ch\qos\logback\logback-classic\1.4.5\logback-classic-1.4.5.jar;e:\26592787A\.m2\repository\ch\qos\logback\logback-core\1.4.5\logback-core-1.4.5.jar;e:\26592787A\.m2\repository\org\apache\logging\log4j\log4j-to-slf4j\2.19.0\log4j-to-slf4j-2.19.0.jar;e:\26592787A\.m2\repository\org\apache\logging\log4j\log4j-api\2.19.0\log4j-api-2.19.0.jar;e:\26592787A\.m2\repository\org\slf4j\jul-to-slf4j\2.0.4\jul-to-slf4j-2.0.4.jar;e:\26592787A\.m2\repository\jakarta\annotation\jakarta.annotation-api\2.1.1\jakarta.annotation-api-2.1.1.jar;e:\26592787A\.m2\repository\org\yaml\snakeyaml\1.33\snakeyaml-1.33.jar;e:\26592787A\.m2\repository\org\springframework\boot\spring-boot-starter-json\3.0.0\spring-boot-starter-json-3.0.0.jar;e:\26592787A\.m2\repository\com\fasterxml\jackson\core\jackson-databind\2.14.1\jackson-databind-2.14.1.jar;e:\26592787A\.m2\repository\com\fasterxml\jackson\core\jackson-annotations\2.14.1\jackson-annotations-2.14.1.jar;e:\26592787A\.m2\repository\com\fasterxml\jackson\core\jackson-core\2.14.1\jackson-core-2.14.1.jar;e:\26592787A\.m2\repository\com\fasterxml\jackson\datatype\jackson-datatype-jdk8\2.14.1\jackson-datatype-jdk8-2.14.1.jar;e:\26592787A\.m2\repository\com\fasterxml\jackson\datatype\jackson-datatype-jsr310\2.14.1\jackson-datatype-jsr310-2.14.1.jar;e:\26592787A\.m2\repository\com\fasterxml\jackson\module\jackson-module-parameter-names\2.14.1\jackson-module-parameter-names-2.14.1.jar;e:\26592787A\.m2\repository\org\springframework\boot\spring-boot-starter-tomcat\3.0.0\spring-boot-starter-tomcat-3.0.0.jar;e:\26592787A\.m2\repository\org\apache\tomcat\embed\tomcat-embed-core\10.1.1\tomcat-embed-core-10.1.1.jar;e:\26592787A\.m2\repository\org\apache\tomcat\embed\tomcat-embed-el\10.1.1\tomcat-embed-el-10.1.1.jar;e:\26592787A\.m2\repository\org\apache\tomcat\embed\tomcat-embed-websocket\10.1.1\tomcat-embed-websocket-10.1.1.jar;e:\26592787A\.m2\repository\org\springframework\spring-web\6.0.2\spring-web-6.0.2.jar;e:\26592787A\.m2\repository\org\springframework\spring-beans\6.0.2\spring-beans-6.0.2.jar;e:\26592787A\.m2\repository\io\micrometer\micrometer-observation\1.10.2\micrometer-observation-1.10.2.jar;e:\26592787A\.m2\repository\io\micrometer\micrometer-commons\1.10.2\micrometer-commons-1.10.2.jar;e:\26592787A\.m2\repository\org\springframework\spring-webmvc\6.0.2\spring-webmvc-6.0.2.jar;e:\26592787A\.m2\repository\org\springframework\spring-aop\6.0.2\spring-aop-6.0.2.jar;e:\26592787A\.m2\repository\org\springframework\spring-context\6.0.2\spring-context-6.0.2.jar;e:\26592787A\.m2\repository\org\springframework\spring-expression\6.0.2\spring-expression-6.0.2.jar;e:\26592787A\.m2\repository\org\springframework\boot\spring-boot-starter-test\3.0.0\spring-boot-starter-test-3.0.0.jar;e:\26592787A\.m2\repository\org\springframework\boot\spring-boot-test\3.0.0\spring-boot-test-3.0.0.jar;e:\26592787A\.m2\repository\org\springframework\boot\spring-boot-test-autoconfigure\3.0.0\spring-boot-test-autoconfigure-3.0.0.jar;e:\26592787A\.m2\repository\com\jayway\jsonpath\json-path\2.7.0\json-path-2.7.0.jar;e:\26592787A\.m2\repository\net\minidev\json-smart\2.4.8\json-smart-2.4.8.jar;e:\26592787A\.m2\repository\net\minidev\accessors-smart\2.4.8\accessors-smart-2.4.8.jar;e:\26592787A\.m2\repository\org\ow2\asm\asm\9.1\asm-9.1.jar;e:\26592787A\.m2\repository\jakarta\xml\bind\jakarta.xml.bind-api\4.0.0\jakarta.xml.bind-api-4.0.0.jar;e:\26592787A\.m2\repository\jakarta\activation\jakarta.activation-api\2.1.0\jakarta.activation-api-2.1.0.jar;e:\26592787A\.m2\repository\org\assertj\assertj-core\3.23.1\assertj-core-3.23.1.jar;e:\26592787A\.m2\repository\net\bytebuddy\byte-buddy\1.12.19\byte-buddy-1.12.19.jar;e:\26592787A\.m2\repository\org\hamcrest\hamcrest\2.2\hamcrest-2.2.jar;e:\26592787A\.m2\repository\org\junit\jupiter\junit-jupiter\5.9.1\junit-jupiter-5.9.1.jar;e:\26592787A\.m2\repository\org\junit\jupiter\junit-jupiter-api\5.9.1\junit-jupiter-api-5.9.1.jar;e:\26592787A\.m2\repository\org\opentest4j\opentest4j\1.2.0\opentest4j-1.2.0.jar;e:\26592787A\.m2\repository\org\junit\platform\junit-platform-commons\1.9.1\junit-platform-commons-1.9.1.jar;e:\26592787A\.m2\repository\org\apiguardian\apiguardian-api\1.1.2\apiguardian-api-1.1.2.jar;e:\26592787A\.m2\repository\org\junit\jupiter\junit-jupiter-params\5.9.1\junit-jupiter-params-5.9.1.jar;e:\26592787A\.m2\repository\org\junit\jupiter\junit-jupiter-engine\5.9.1\junit-jupiter-engine-5.9.1.jar;e:\26592787A\.m2\repository\org\junit\platform\junit-platform-engine\1.9.1\junit-platform-engine-1.9.1.jar;e:\26592787A\.m2\repository\org\mockito\mockito-core\4.8.1\mockito-core-4.8.1.jar;e:\26592787A\.m2\repository\net\bytebuddy\byte-buddy-agent\1.12.19\byte-buddy-agent-1.12.19.jar;e:\26592787A\.m2\repository\org\objenesis\objenesis\3.2\objenesis-3.2.jar;e:\26592787A\.m2\repository\org\mockito\mockito-junit-jupiter\4.8.1\mockito-junit-jupiter-4.8.1.jar;e:\26592787A\.m2\repository\org\skyscreamer\jsonassert\1.5.1\jsonassert-1.5.1.jar;e:\26592787A\.m2\repository\com\vaadin\external\google\android-json\0.0.20131108.vaadin1\android-json-0.0.20131108.vaadin1.jar;e:\26592787A\.m2\repository\org\springframework\spring-core\6.0.2\spring-core-6.0.2.jar;e:\26592787A\.m2\repository\org\springframework\spring-jcl\6.0.2\spring-jcl-6.0.2.jar;e:\26592787A\.m2\repository\org\springframework\spring-test\6.0.2\spring-test-6.0.2.jar;e:\26592787A\.m2\repository\org\xmlunit\xmlunit-core\2.9.0\xmlunit-core-2.9.0.jar;e:\26592787A\.m2\repository\io\springfox\springfox-boot-starter\3.0.0\springfox-boot-starter-3.0.0.jar;e:\26592787A\.m2\repository\io\springfox\springfox-oas\3.0.0\springfox-oas-3.0.0.jar;e:\26592787A\.m2\repository\io\swagger\core\v3\swagger-annotations\2.1.2\swagger-annotations-2.1.2.jar;e:\26592787A\.m2\repository\io\swagger\core\v3\swagger-models\2.1.2\swagger-models-2.1.2.jar;e:\26592787A\.m2\repository\io\springfox\springfox-spi\3.0.0\springfox-spi-3.0.0.jar;e:\26592787A\.m2\repository\io\springfox\springfox-schema\3.0.0\springfox-schema-3.0.0.jar;e:\26592787A\.m2\repository\io\springfox\springfox-core\3.0.0\springfox-core-3.0.0.jar;e:\26592787A\.m2\repository\io\springfox\springfox-spring-web\3.0.0\springfox-spring-web-3.0.0.jar;e:\26592787A\.m2\repository\io\springfox\springfox-spring-webmvc\3.0.0\springfox-spring-webmvc-3.0.0.jar;e:\26592787A\.m2\repository\io\springfox\springfox-spring-webflux\3.0.0\springfox-spring-webflux-3.0.0.jar;e:\26592787A\.m2\repository\io\springfox\springfox-swagger-common\3.0.0\springfox-swagger-common-3.0.0.jar;e:\26592787A\.m2\repository\org\mapstruct\mapstruct\1.3.1.Final\mapstruct-1.3.1.Final.jar;e:\26592787A\.m2\repository\io\springfox\springfox-data-rest\3.0.0\springfox-data-rest-3.0.0.jar;e:\26592787A\.m2\repository\io\springfox\springfox-bean-validators\3.0.0\springfox-bean-validators-3.0.0.jar;e:\26592787A\.m2\repository\io\springfox\springfox-swagger2\3.0.0\springfox-swagger2-3.0.0.jar;e:\26592787A\.m2\repository\io\swagger\swagger-annotations\1.5.20\swagger-annotations-1.5.20.jar;e:\26592787A\.m2\repository\io\swagger\swagger-models\1.5.20\swagger-models-1.5.20.jar;e:\26592787A\.m2\repository\io\springfox\springfox-swagger-ui\3.0.0\springfox-swagger-ui-3.0.0.jar;e:\26592787A\.m2\repository\com\fasterxml\classmate\1.5.1\classmate-1.5.1.jar;e:\26592787A\.m2\repository\org\slf4j\slf4j-api\2.0.4\slf4j-api-2.0.4.jar;e:\26592787A\.m2\repository\org\springframework\plugin\spring-plugin-core\2.0.0.RELEASE\spring-plugin-core-2.0.0.RELEASE.jar;e:\26592787A\.m2\repository\org\springframework\plugin\spring-plugin-metadata\2.0.0.RELEASE\spring-plugin-metadata-2.0.0.RELEASE.jar;e:\26592787A\.m2\repository\org\springdoc\springdoc-openapi-starter-webmvc-ui\2.0.0\springdoc-openapi-starter-webmvc-ui-2.0.0.jar;e:\26592787A\.m2\repository\org\springdoc\springdoc-openapi-starter-webmvc-api\2.0.0\springdoc-openapi-starter-webmvc-api-2.0.0.jar;e:\26592787A\.m2\repository\org\springdoc\springdoc-openapi-starter-common\2.0.0\springdoc-openapi-starter-common-2.0.0.jar;e:\26592787A\.m2\repository\io\swagger\core\v3\swagger-core-jakarta\2.2.7\swagger-core-jakarta-2.2.7.jar;e:\26592787A\.m2\repository\org\apache\commons\commons-lang3\3.12.0\commons-lang3-3.12.0.jar;e:\26592787A\.m2\repository\io\swagger\core\v3\swagger-annotations-jakarta\2.2.7\swagger-annotations-jakarta-2.2.7.jar;e:\26592787A\.m2\repository\io\swagger\core\v3\swagger-models-jakarta\2.2.7\swagger-models-jakarta-2.2.7.jar;e:\26592787A\.m2\repository\jakarta\validation\jakarta.validation-api\3.0.2\jakarta.validation-api-3.0.2.jar;e:\26592787A\.m2\repository\com\fasterxml\jackson\dataformat\jackson-dataformat-yaml\2.14.1\jackson-dataformat-yaml-2.14.1.jar;e:\26592787A\.m2\repository\org\webjars\swagger-ui\4.15.5\swagger-ui-4.15.5.jar;e:\26592787A\.m2\repository\org\webjars\webjars-locator-core\0.52\webjars-locator-core-0.52.jar;e:\26592787A\.m2\repository\io\github\classgraph\classgraph\4.8.149\classgraph-4.8.149.jar;e:\26592787A\.m2\repository\com\google\code\gson\gson\2.8.9\gson-2.8.9.jar;"/>
    <property name="sun.cpu.endian" value="little"/>
    <property name="user.home" value="e:\26592787A"/>
    <property name="user.language" value="es"/>
    <property name="java.specification.vendor" value="Oracle Corporation"/>
    <property name="java.version.date" value="2023-03-21"/>
    <property name="java.home" value="e:\26592787A\.jdks\openjdk-20"/>
    <property name="file.separator" value="\"/>
    <property name="basedir" value="E:\26592787A\Desktop\Master\Medical Software development\sdcservice"/>
    <property name="java.vm.compressedOopsMode" value="Zero based"/>
    <property name="line.separator" value="&#10;"/>
    <property name="java.vm.specification.vendor" value="Oracle Corporation"/>
    <property name="java.specification.name" value="Java Platform API Specification"/>
    <property name="surefire.real.class.path" value="e:\26592787A\AppData\Local\Temp\surefire11734720095486583491\surefirebooter14674117535113697284.jar"/>
    <property name="user.script" value=""/>
    <property name="sun.management.compiler" value="HotSpot 64-Bit Tiered Compilers"/>
    <property name="java.runtime.version" value="20+36-2344"/>
    <property name="user.name" value="26592787A"/>
    <property name="stdout.encoding" value="Cp1252"/>
    <property name="path.separator" value=";"/>
    <property name="os.version" value="10.0"/>
    <property name="java.runtime.name" value="OpenJDK Runtime Environment"/>
    <property name="file.encoding" value="UTF-8"/>
    <property name="java.vm.name" value="OpenJDK 64-Bit Server VM"/>
    <property name="localRepository" value="e:\26592787A\.m2\repository"/>
    <property name="java.vendor.url.bug" value="https://bugreport.java.com/bugreport/"/>
    <property name="java.io.tmpdir" value="e:\26592787A\AppData\Local\Temp\"/>
    <property name="idea.version" value="2023.1"/>
    <property name="java.version" value="20"/>
    <property name="user.dir" value="E:\26592787A\Desktop\Master\Medical Software development\sdcservice"/>
    <property name="os.arch" value="amd64"/>
    <property name="java.vm.specification.name" value="Java Virtual Machine Specification"/>
    <property name="sun.os.patch.level" value=""/>
    <property name="native.encoding" value="Cp1252"/>
    <property name="java.library.path" value="e:\26592787A\.jdks\openjdk-20\bin;C:\WINDOWS\Sun\Java\bin;C:\WINDOWS\system32;C:\WINDOWS;C:\Program Files\Common Files\Oracle\Java\javapath;C:\Program Files (x86)\Common Files\Oracle\Java\javapath;C:\WINDOWS\system32;C:\WINDOWS;C:\WINDOWS\System32\Wbem;C:\WINDOWS\System32\WindowsPowerShell\v1.0\;C:\WINDOWS\System32\OpenSSH\;C:\JupyterLab;C:\Program Files\Git\cmd;C:\Program Files\Maven\apache-maven-3.9.1\bin;e:\26592787A\AppData\Local\Microsoft\WindowsApps;;e:\26592787A\AppData\Local\Programs\Microsoft VS Code\bin;."/>
    <property name="java.vm.info" value="mixed mode, sharing"/>
    <property name="stderr.encoding" value="Cp1252"/>
    <property name="java.vendor" value="Oracle Corporation"/>
    <property name="java.vm.version" value="20+36-2344"/>
    <property name="sun.io.unicode.encoding" value="UnicodeLittle"/>
    <property name="java.class.version" value="64.0"/>
  </properties>
  <testcase name="noParamGreetingShouldReturnDefaultMessage" classname="ch.fhnw.restservice.SDCControllerTests" time="0.473"/>
  <testcase name="paramGreetingShouldReturnTailoredMessage" classname="ch.fhnw.restservice.SDCControllerTests" time="0.005"/>
</testsuite>